<?xml version="1.0" encoding="UTF-8"?>
<!-- Generated by org.testng.reporters.JUnitReportReporter -->
<testsuite hostname="abood" failures="0" tests="8" name="almosaferTest.almosaferProject" time="2.839" errors="0" timestamp="2024-12-08T20:39:22 EET" skipped="0">
  <testcase classname="almosaferTest.almosaferProject" name="languageEn" time="0.064"/>
  <testcase classname="almosaferTest.almosaferProject" name="currencySar" time="0.054"/>
  <testcase classname="almosaferTest.almosaferProject" name="contactNumber" time="0.084"/>
  <testcase classname="almosaferTest.almosaferProject" name="qitaf" time="0.116"/>
  <testcase classname="almosaferTest.almosaferProject" name="hotelsNotSelected" time="0.056"/>
  <testcase classname="almosaferTest.almosaferProject" name="flightDeparture" time="1.207"/>
  <testcase classname="almosaferTest.almosaferProject" name="flightReturn" time="0.228"/>
  <testcase classname="almosaferTest.almosaferProject" name="randomLanguage" time="1.030"/>
</testsuite> <!-- almosaferTest.almosaferProject -->
